#
# A fatal error has been detected by the Java Runtime Environment:
#
#  EXCEPTION_ACCESS_VIOLATION (0xc0000005) at pc=0x000000006311e4e7, pid=9848, tid=0x0000000000001f5c
#
# JRE version: Java(TM) SE Runtime Environment (8.0_161-b12) (build 1.8.0_161-b12)
# Java VM: Java HotSpot(TM) 64-Bit Server VM (25.161-b12 mixed mode windows-amd64 compressed oops)
# Problematic frame:
# V  [jvm.dll+0x49e4e7]
#
# Failed to write core dump. Minidumps are not enabled by default on client versions of Windows
#
# If you would like to submit a bug report, please visit:
#   http://bugreport.java.com/bugreport/crash.jsp
#

---------------  T H R E A D  ---------------

Current thread (0x000000001a445800):  JavaThread "C2 CompilerThread1" daemon [_thread_in_native, id=8028, stack(0x000000001bbb0000,0x000000001bcb0000)]

siginfo: ExceptionCode=0xc0000005, reading address 0x000000001c39aa50

Registers:
RAX=0x000000001c39aa40, RBX=0x000000000000026e, RCX=0x0000000000000002, RDX=0x000000001d3fc4d0
RSP=0x000000001bcabd80, RBP=0x0000000000015230, RSI=0x0000000000000305, RDI=0x000000001d39aa30
R8 =0x000000000fcffcff, R9 =0x0000000000011020, R10=0x000000001bcac0f0, R11=0x000000001bcabde0
R12=0x000000001d3fc4d0, R13=0x000000001bcac3e0, R14=0x0000000062c80000, R15=0x000000006349ffa0
RIP=0x000000006311e4e7, EFLAGS=0x0000000000010202

Top of Stack: (sp=0x000000001bcabd80)
0x000000001bcabd80:   0000000000000be5 0000000000000003
0x000000001bcabd90:   0000000000015230 0000000000000305
0x000000001bcabda0:   0000026f00000000 0000000000000004
0x000000001bcabdb0:   000000001c8ccfc0 0000000000000003
0x000000001bcabdc0:   000000001bcabf70 000000000000000d
0x000000001bcabdd0:   000000001bcabf60 000000006315aa24
0x000000001bcabde0:   0000000000000005 000000001c9ec098
0x000000001bcabdf0:   000000001c5be2c0 000000001bcac3e0
0x000000001bcabe00:   000000001bcac3e0 000000006311f9c8
0x000000001bcabe10:   0000000000015230 000000001d411738
0x000000001bcabe20:   000000001bcabf10 000000001d4117a8
0x000000001bcabe30:   0000000600000000 000000000000000a
0x000000001bcabe40:   000000001c9ec098 0000030500000000
0x000000001bcabe50:   000001f200000009 0000000000000005
0x000000001bcabe60:   0000000005155455 0000000000000000
0x000000001bcabe70:   0000000000000000 0000000000000000 

Instructions: (pc=0x000000006311e4e7)
0x000000006311e4c7:   8b de 48 8d 3c 80 48 c1 e7 05 49 03 7a 10 85 db
0x000000006311e4d7:   0f 84 f3 fe ff ff 48 8b 47 08 8b cb 48 c1 e9 08
0x000000006311e4e7:   4c 8b 0c c8 4d 3b cf 75 0d 8b d3 48 8b cf e8 26
0x000000006311e4f7:   44 00 00 4c 8b c8 8b d3 83 e3 1f 41 b8 01 00 00 


Register to memory mapping:

RAX=0x000000001c39aa40 is an unknown value
RBX=0x000000000000026e is an unknown value
RCX=0x0000000000000002 is an unknown value
RDX=0x000000001d3fc4d0 is an unknown value
RSP=0x000000001bcabd80 is pointing into the stack for thread: 0x000000001a445800
RBP=0x0000000000015230 is an unknown value
RSI=0x0000000000000305 is an unknown value
RDI=0x000000001d39aa30 is an unknown value
R8 =0x000000000fcffcff is an unknown value
R9 =0x0000000000011020 is an unknown value
R10=0x000000001bcac0f0 is pointing into the stack for thread: 0x000000001a445800
R11=0x000000001bcabde0 is pointing into the stack for thread: 0x000000001a445800
R12=0x000000001d3fc4d0 is an unknown value
R13=0x000000001bcac3e0 is pointing into the stack for thread: 0x000000001a445800
R14=0x0000000062c80000 is an unknown value
R15=0x000000006349ffa0 is an unknown value


Stack: [0x000000001bbb0000,0x000000001bcb0000],  sp=0x000000001bcabd80,  free space=1007k
Native frames: (J=compiled Java code, j=interpreted, Vv=VM code, C=native code)
V  [jvm.dll+0x49e4e7]
V  [jvm.dll+0x49f9c8]
V  [jvm.dll+0x469ca8]
V  [jvm.dll+0x47505b]
V  [jvm.dll+0x477967]
V  [jvm.dll+0x45a172]
V  [jvm.dll+0xa6052]
V  [jvm.dll+0xa699f]
V  [jvm.dll+0x24533f]
V  [jvm.dll+0x29cc4a]
C  [msvcr100.dll+0x21d9f]
C  [zip.dll+0x21e3b]
C  [KERNEL32.DLL+0x17bd4]
C  [ntdll.dll+0x6ce51]


Current CompileTask:
C2:   1524  683       4       java.io.WinNTFileSystem::normalize (143 bytes)


---------------  P R O C E S S  ---------------

Java Threads: ( => current thread )
  0x000000001c61f800 JavaThread "ReaderThread" [_thread_in_native, id=232, stack(0x000000001cff0000,0x000000001d0f0000)]
  0x000000001bde0800 JavaThread "Service Thread" daemon [_thread_blocked, id=7304, stack(0x000000001c1b0000,0x000000001c2b0000)]
  0x000000001a451800 JavaThread "C1 CompilerThread2" daemon [_thread_blocked, id=11316, stack(0x000000001bcb0000,0x000000001bdb0000)]
=>0x000000001a445800 JavaThread "C2 CompilerThread1" daemon [_thread_in_native, id=8028, stack(0x000000001bbb0000,0x000000001bcb0000)]
  0x000000001a43d800 JavaThread "C2 CompilerThread0" daemon [_thread_blocked, id=11648, stack(0x000000001bab0000,0x000000001bbb0000)]
  0x000000001a44e800 JavaThread "Attach Listener" daemon [_thread_blocked, id=1476, stack(0x000000001b9b0000,0x000000001bab0000)]
  0x000000001a44d800 JavaThread "Signal Dispatcher" daemon [_thread_blocked, id=4632, stack(0x000000001b8b0000,0x000000001b9b0000)]
  0x000000000335e800 JavaThread "Finalizer" daemon [_thread_blocked, id=12880, stack(0x000000001b6b0000,0x000000001b7b0000)]
  0x0000000003355000 JavaThread "Reference Handler" daemon [_thread_blocked, id=9160, stack(0x000000001b5b0000,0x000000001b6b0000)]
  0x0000000003264000 JavaThread "main" [_thread_in_native, id=2972, stack(0x0000000003160000,0x0000000003260000)]

Other Threads:
  0x000000001a407000 VMThread [stack: 0x000000001b4b0000,0x000000001b5b0000] [id=4060]
  0x000000001a49c800 WatcherThread [stack: 0x000000001c2b0000,0x000000001c3b0000] [id=12644]

VM state:not at safepoint (normal execution)

VM Mutex/Monitor currently owned by a thread: None

Heap:
 PSYoungGen      total 57344K, used 17706K [0x0000000780580000, 0x0000000784580000, 0x00000007c0000000)
  eden space 49152K, 36% used [0x0000000780580000,0x00000007816cabd0,0x0000000783580000)
  from space 8192K, 0% used [0x0000000783d80000,0x0000000783d80000,0x0000000784580000)
  to   space 8192K, 0% used [0x0000000783580000,0x0000000783580000,0x0000000783d80000)
 ParOldGen       total 131072K, used 0K [0x0000000701000000, 0x0000000709000000, 0x0000000780580000)
  object space 131072K, 0% used [0x0000000701000000,0x0000000701000000,0x0000000709000000)
 Metaspace       used 9723K, capacity 9898K, committed 10240K, reserved 1058816K
  class space    used 1126K, capacity 1191K, committed 1280K, reserved 1048576K

Card table byte_map: [0x0000000012720000,0x0000000012d20000] byte_map_base: 0x000000000ef18000

Marking Bits: (ParMarkBitMap*) 0x000000006349f860
 Begin Bits: [0x0000000013520000, 0x00000000164e0000)
 End Bits:   [0x00000000164e0000, 0x00000000194a0000)

Polling page: 0x0000000001320000

CodeCache: size=245760Kb used=2831Kb max_used=2831Kb free=242928Kb
 bounds [0x0000000003360000, 0x0000000003630000, 0x0000000012360000]
 total_blobs=1050 nmethods=711 adapters=252
 compilation: enabled

Compilation events (10 events):
Event: 1.435 Thread 0x000000001a451800  697       3       java.lang.Class::reflectionData (49 bytes)
Event: 1.436 Thread 0x000000001a451800 nmethod 697 0x000000000360d9d0 code [0x000000000360db60, 0x000000000360e088]
Event: 1.436 Thread 0x000000001a451800  698       1       java.lang.reflect.Method::getGenericSignature (5 bytes)
Event: 1.436 Thread 0x000000001a451800 nmethod 698 0x000000000360d710 code [0x000000000360d860, 0x000000000360d970]
Event: 1.437 Thread 0x000000001a451800  699       3       java.lang.StringBuilder::<init> (18 bytes)
Event: 1.437 Thread 0x000000001a451800 nmethod 699 0x000000000360ced0 code [0x000000000360d060, 0x000000000360d528]
Event: 1.438 Thread 0x000000001a43d800  700       4       java.lang.StringBuilder::append (8 bytes)
Event: 1.440 Thread 0x000000001a451800  701       3       java.util.Properties$LineReader::readLine (468 bytes)
Event: 1.442 Thread 0x000000001a43d800 nmethod 700 0x00000000036137d0 code [0x0000000003613920, 0x0000000003613c98]
Event: 1.443 Thread 0x000000001a451800 nmethod 701 0x0000000003611050 code [0x0000000003611300, 0x0000000003612ce8]

GC Heap History (0 events):
No events

Deoptimization events (2 events):
Event: 0.169 Thread 0x0000000003264000 Uncommon trap: reason=unstable_if action=reinterpret pc=0x000000000347e044 method=java.lang.String.hashCode()I @ 14
Event: 0.711 Thread 0x0000000003264000 Uncommon trap: reason=unstable_if action=reinterpret pc=0x000000000351e4e4 method=java.lang.String.indexOf([CII[CIII)I @ 3

Classes redefined (0 events):
No events

Internal exceptions (10 events):
Event: 1.429 Thread 0x0000000003264000 Exception <a 'java/lang/ArrayIndexOutOfBoundsException'> (0x00000007814fe4b0) thrown at [C:\re\workspace\8-2-build-windows-amd64-cygwin\jdk8u161\10277\hotspot\src\share\vm\runtime\sharedRuntime.cpp, line 605]
Event: 1.433 Thread 0x0000000003264000 Exception <a 'java/lang/ClassNotFoundException': java/lang/EnumCustomizer> (0x0000000781505668) thrown at [C:\re\workspace\8-2-build-windows-amd64-cygwin\jdk8u161\10277\hotspot\src\share\vm\classfile\systemDictionary.cpp, line 210]
Event: 1.435 Thread 0x0000000003264000 Exception <a 'java/lang/ArrayIndexOutOfBoundsException'> (0x0000000781507810) thrown at [C:\re\workspace\8-2-build-windows-amd64-cygwin\jdk8u161\10277\hotspot\src\share\vm\runtime\sharedRuntime.cpp, line 605]
Event: 1.435 Thread 0x0000000003264000 Exception <a 'java/lang/ArrayIndexOutOfBoundsException'> (0x000000078150a040) thrown at [C:\re\workspace\8-2-build-windows-amd64-cygwin\jdk8u161\10277\hotspot\src\share\vm\runtime\sharedRuntime.cpp, line 605]
Event: 1.435 Thread 0x0000000003264000 Exception <a 'java/lang/ArrayIndexOutOfBoundsException'> (0x000000078150b068) thrown at [C:\re\workspace\8-2-build-windows-amd64-cygwin\jdk8u161\10277\hotspot\src\share\vm\runtime\sharedRuntime.cpp, line 605]
Event: 1.436 Thread 0x0000000003264000 Exception <a 'java/lang/ArrayIndexOutOfBoundsException'> (0x000000078150cac0) thrown at [C:\re\workspace\8-2-build-windows-amd64-cygwin\jdk8u161\10277\hotspot\src\share\vm\runtime\sharedRuntime.cpp, line 605]
Event: 1.436 Thread 0x0000000003264000 Exception <a 'java/lang/ArrayIndexOutOfBoundsException'> (0x000000078150def0) thrown at [C:\re\workspace\8-2-build-windows-amd64-cygwin\jdk8u161\10277\hotspot\src\share\vm\runtime\sharedRuntime.cpp, line 605]
Event: 1.437 Thread 0x0000000003264000 Exception <a 'java/lang/ClassNotFoundException': com/aventstack/extentreports/StatusCustomizer> (0x000000078151d160) thrown at [C:\re\workspace\8-2-build-windows-amd64-cygwin\jdk8u161\10277\hotspot\src\share\vm\classfile\systemDictionary.cpp, line 210]
Event: 1.437 Thread 0x0000000003264000 Exception <a 'java/lang/ArrayIndexOutOfBoundsException'> (0x000000078151f130) thrown at [C:\re\workspace\8-2-build-windows-amd64-cygwin\jdk8u161\10277\hotspot\src\share\vm\runtime\sharedRuntime.cpp, line 605]
Event: 1.437 Thread 0x0000000003264000 Exception <a 'java/lang/ArrayIndexOutOfBoundsException'> (0x0000000781521440) thrown at [C:\re\workspace\8-2-build-windows-amd64-cygwin\jdk8u161\10277\hotspot\src\share\vm\runtime\sharedRuntime.cpp, line 605]

Events (10 events):
Event: 1.436 loading class com/aventstack/extentreports/StatusCustomizer done
Event: 1.437 loading class com/aventstack/extentreports/StatusCustomizer
Event: 1.437 loading class com/aventstack/extentreports/StatusCustomizer done
Event: 1.437 loading class com/aventstack/extentreports/StatusCustomizer
Event: 1.437 loading class com/aventstack/extentreports/StatusCustomizer done
Event: 1.438 loading class freemarker/ext/beans/UnsafeMethods
Event: 1.438 loading class freemarker/ext/beans/UnsafeMethods done
Event: 1.441 loading class java/util/Hashtable$KeySet
Event: 1.442 loading class java/util/Hashtable$KeySet done
Event: 1.442 loading class java/io/Console


Dynamic libraries:
0x00007ff6a1980000 - 0x00007ff6a19b7000 	C:\Program Files\Java\jdk1.8.0_161\bin\javaw.exe
0x00007ffde3940000 - 0x00007ffde3b30000 	C:\WINDOWS\SYSTEM32\ntdll.dll
0x00007ffde2710000 - 0x00007ffde27c2000 	C:\WINDOWS\System32\KERNEL32.DLL
0x00007ffde1740000 - 0x00007ffde19e4000 	C:\WINDOWS\System32\KERNELBASE.dll
0x00007ffde2b60000 - 0x00007ffde2c03000 	C:\WINDOWS\System32\ADVAPI32.dll
0x00007ffde28e0000 - 0x00007ffde297e000 	C:\WINDOWS\System32\msvcrt.dll
0x00007ffde33d0000 - 0x00007ffde3467000 	C:\WINDOWS\System32\sechost.dll
0x00007ffde1f10000 - 0x00007ffde2030000 	C:\WINDOWS\System32\RPCRT4.dll
0x00007ffde1bd0000 - 0x00007ffde1d64000 	C:\WINDOWS\System32\USER32.dll
0x00007ffde0af0000 - 0x00007ffde0b11000 	C:\WINDOWS\System32\win32u.dll
0x00007ffde2630000 - 0x00007ffde2656000 	C:\WINDOWS\System32\GDI32.dll
0x00007ffde0cd0000 - 0x00007ffde0e64000 	C:\WINDOWS\System32\gdi32full.dll
0x00007ffde08d0000 - 0x00007ffde096e000 	C:\WINDOWS\System32\msvcp_win.dll
0x00007ffde0b70000 - 0x00007ffde0c6a000 	C:\WINDOWS\System32\ucrtbase.dll
0x00007ffdd4c80000 - 0x00007ffdd4f04000 	C:\WINDOWS\WinSxS\amd64_microsoft.windows.common-controls_6595b64144ccf1df_6.0.18362.815_none_e6c3b941130ffef4\COMCTL32.dll
0x00007ffde35c0000 - 0x00007ffde38f6000 	C:\WINDOWS\System32\combase.dll
0x00007ffde0a70000 - 0x00007ffde0af0000 	C:\WINDOWS\System32\bcryptPrimitives.dll
0x00007ffde19f0000 - 0x00007ffde1a1e000 	C:\WINDOWS\System32\IMM32.DLL
0x0000000062a10000 - 0x0000000062ae2000 	C:\Program Files\Java\jdk1.8.0_161\jre\bin\msvcr100.dll
0x0000000062c80000 - 0x000000006351f000 	C:\Program Files\Java\jdk1.8.0_161\jre\bin\server\jvm.dll
0x00007ffde2620000 - 0x00007ffde2628000 	C:\WINDOWS\System32\PSAPI.DLL
0x00007ffdd5910000 - 0x00007ffdd5919000 	C:\WINDOWS\SYSTEM32\WSOCK32.dll
0x00007ffde2980000 - 0x00007ffde29ef000 	C:\WINDOWS\System32\WS2_32.dll
0x00007ffdddf80000 - 0x00007ffdddfa4000 	C:\WINDOWS\SYSTEM32\WINMM.dll
0x00007ffdddf50000 - 0x00007ffdddf7d000 	C:\WINDOWS\SYSTEM32\WINMMBASE.dll
0x00007ffde0b20000 - 0x00007ffde0b6a000 	C:\WINDOWS\System32\cfgmgr32.dll
0x00007ffdd3240000 - 0x00007ffdd324a000 	C:\WINDOWS\SYSTEM32\VERSION.dll
0x0000000062c70000 - 0x0000000062c7f000 	C:\Program Files\Java\jdk1.8.0_161\jre\bin\verify.dll
0x0000000062c40000 - 0x0000000062c69000 	C:\Program Files\Java\jdk1.8.0_161\jre\bin\java.dll
0x0000000062c20000 - 0x0000000062c36000 	C:\Program Files\Java\jdk1.8.0_161\jre\bin\zip.dll
0x00007ffde2ce0000 - 0x00007ffde33c4000 	C:\WINDOWS\System32\SHELL32.dll
0x00007ffde2090000 - 0x00007ffde2139000 	C:\WINDOWS\System32\shcore.dll
0x00007ffde0fc0000 - 0x00007ffde173d000 	C:\WINDOWS\System32\windows.storage.dll
0x00007ffde08a0000 - 0x00007ffde08c3000 	C:\WINDOWS\System32\profapi.dll
0x00007ffde0850000 - 0x00007ffde089a000 	C:\WINDOWS\System32\powrprof.dll
0x00007ffde0800000 - 0x00007ffde0810000 	C:\WINDOWS\System32\UMPDC.dll
0x00007ffde1eb0000 - 0x00007ffde1f02000 	C:\WINDOWS\System32\shlwapi.dll
0x00007ffde0830000 - 0x00007ffde0841000 	C:\WINDOWS\System32\kernel.appcore.dll
0x00007ffde0a20000 - 0x00007ffde0a37000 	C:\WINDOWS\System32\cryptsp.dll
0x0000000062c00000 - 0x0000000062c1a000 	C:\Program Files\Java\jdk1.8.0_161\jre\bin\net.dll
0x00007ffde0070000 - 0x00007ffde00d7000 	C:\WINDOWS\system32\mswsock.dll
0x00007ffddfdc0000 - 0x00007ffddfe8b000 	C:\WINDOWS\SYSTEM32\DNSAPI.dll
0x00007ffde2140000 - 0x00007ffde2148000 	C:\WINDOWS\System32\NSI.dll
0x00007ffddfd80000 - 0x00007ffddfdba000 	C:\WINDOWS\SYSTEM32\IPHLPAPI.DLL
0x00007ffdd6150000 - 0x00007ffdd615a000 	C:\Windows\System32\rasadhlp.dll
0x00007ffdd61b0000 - 0x00007ffdd6227000 	C:\WINDOWS\System32\fwpuclnt.dll
0x00007ffde0a40000 - 0x00007ffde0a66000 	C:\WINDOWS\System32\bcrypt.dll
0x00007ffddfbe0000 - 0x00007ffddfc13000 	C:\WINDOWS\system32\rsaenh.dll
0x00007ffde0720000 - 0x00007ffde0745000 	C:\WINDOWS\SYSTEM32\USERENV.dll
0x00007ffde0240000 - 0x00007ffde024c000 	C:\WINDOWS\SYSTEM32\CRYPTBASE.dll
0x00007ffdd6c10000 - 0x00007ffdd6c26000 	C:\WINDOWS\SYSTEM32\dhcpcsvc6.DLL
0x00007ffdd6ec0000 - 0x00007ffdd6edc000 	C:\WINDOWS\SYSTEM32\dhcpcsvc.DLL
0x0000000062be0000 - 0x0000000062bf1000 	C:\Program Files\Java\jdk1.8.0_161\jre\bin\nio.dll
0x00007ffdd0ce0000 - 0x00007ffdd0ed4000 	C:\WINDOWS\SYSTEM32\dbghelp.dll

VM Arguments:
jvm_args: -ea -Dfile.encoding=Cp1252 
java_command: org.testng.remote.RemoteTestNG -serport 56531 -protocol json -d F:\NaveenLabProjects\July2019POMSeries\test-output F:\NaveenLabProjects\July2019POMSeries\src\test\resources\testrunners\testng_sanity.xml
java_class_path (initial): F:\NaveenLabProjects\eclipse\configuration\org.eclipse.osgi\984\0\.cp\lib\testng-remote.jar;F:\NaveenLabProjects\July2019POMSeries\target\test-classes;F:\NaveenLabProjects\July2019POMSeries\target\classes;F:\NaveenLabProjects\eclipse\plugins\org.testng_7.2.0.r202003151902.jar;F:\NaveenLabProjects\eclipse\plugins\com.beust.jcommander_1.72.0.jar;F:\NaveenLabProjects\eclipse\plugins\org.apache-extras.beanshell.bsh_2.0.0.b6.jar;F:\NaveenLabProjects\eclipse\plugins\org.yaml.snakeyaml_1.21.0.jar;C:\Users\Fuadkhan\.m2\repository\org\seleniumhq\selenium\selenium-java\3.141.59\selenium-java-3.141.59.jar;C:\Users\Fuadkhan\.m2\repository\org\seleniumhq\selenium\selenium-api\3.141.59\selenium-api-3.141.59.jar;C:\Users\Fuadkhan\.m2\repository\org\seleniumhq\selenium\selenium-chrome-driver\3.141.59\selenium-chrome-driver-3.141.59.jar;C:\Users\Fuadkhan\.m2\repository\org\seleniumhq\selenium\selenium-edge-driver\3.141.59\selenium-edge-driver-3.141.59.jar;C:\Users\Fuadkhan\.m2\repository\org\seleniumhq\selenium\selenium-firefox-driver\3.141.59\selenium-firefox-driver-3.141.59.jar;C:\Users\Fuadkhan\.m2\repository\org\seleniumhq\selenium\selenium-ie-driver\3.141.59\selenium-ie-driver-3.141.59.jar;C:\Users\Fuadkhan\.m2\repository\org\seleniumhq\selenium\selenium-opera-driver\3.141.59\selenium-opera-driver-3.141.59.jar;C:\Users\Fuadkhan\.m2\repository\org\seleniumhq\selenium\selenium-remote-driver\3.141.59\selenium-remote-driver-3.141.59.jar;C:\Users\Fuadkhan\.m2\repository\org\seleniumhq\selenium\selenium-safari-driver\3.141.59\selenium-safari-driver-3.141.59.jar;C:\Users\Fuadkhan\.m2\repository\org\seleniumhq\selenium\selenium-support\3.141.59\selenium-support-3.141.59.jar;C:\Users\Fuadkhan\.m2\repository\net\bytebuddy\byte-buddy\1.8.15\byte-buddy-1.8.15.jar;C:\Users\Fuadkhan\.m2\repository\org\apache\commons\commons-exec\1.3\commons-exec-1.3.jar;C:\Users\Fuadkhan\.m2\repository\com\google\guava\guava\25.0-jre\guava-25.0-jre.jar;C:\Users\Fuadkhan\.m2\repos
Launcher Type: SUN_STANDARD

Environment Variables:
PATH=C:/Program Files/Java/jdk1.8.0_161/bin/../jre/bin/server;C:/Program Files/Java/jdk1.8.0_161/bin/../jre/bin;C:/Program Files/Java/jdk1.8.0_161/bin/../jre/lib/amd64;C:\Program Files\Java\jdk1.8.0_161\bin;C:\WINDOWS;C:\WINDOWS\System32\Wbem;C:\WINDOWS\System32\WindowsPowerShell\v1.0\;C:\Users\Fuadkhan\AppData\Local\Android\sdk\platform-tools;C:\WINDOWS\system32\package.json;D:\Curl;C:\Program Files\nodejs\;F:\S7EdgeStuff\apache-maven-3.5.3-bin\apache-maven-3.5.3\bin;C:\WINDOWS\system32;C:\WINDOWS\System32\OpenSSH\;C:\Program Files\MongoDB\Server\3.4\bin;C:\Program Files\Heroku\bin;C:\Users\Fuadkhan\AppData\Local\Microsoft\WindowsApps;C:\Users\Fuadkhan\AppData\Roaming\npm;;C:\Users\Fuadkhan\.babun;F:\NaveenLabProjects\eclipse;
USERNAME=Fuadkhan
OS=Windows_NT
PROCESSOR_IDENTIFIER=Intel64 Family 6 Model 69 Stepping 1, GenuineIntel



---------------  S Y S T E M  ---------------

OS: Windows 10.0 , 64 bit Build 18362 (10.0.18362.778)

CPU:total 4 (initial active 4) (2 cores per cpu, 2 threads per core) family 6 model 69 stepping 1, cmov, cx8, fxsr, mmx, sse, sse2, sse3, ssse3, sse4.1, sse4.2, popcnt, avx, avx2, aes, clmul, erms, lzcnt, ht, tsc, tscinvbit, bmi1, bmi2

Memory: 4k page, physical 12511384k(7435820k free), swap 14411928k(9045568k free)

vm_info: Java HotSpot(TM) 64-Bit Server VM (25.161-b12) for windows-amd64 JRE (1.8.0_161-b12), built on Dec 19 2017 17:52:25 by "java_re" with MS VC++ 10.0 (VS2010)

time: Mon May 04 10:55:49 2020
elapsed time: 1 seconds (0d 0h 0m 1s)

